#
# A fatal error has been detected by the Java Runtime Environment:
#
#  SIGSEGV (0xb) at pc=0x00007faf2b760ca6, pid=716139, tid=716169
#
# JRE version: Java(TM) SE Runtime Environment (22.0.1+8) (build 22.0.1+8-16)
# Java VM: Java HotSpot(TM) 64-Bit Server VM (22.0.1+8-16, mixed mode, sharing, tiered, compressed oops, compressed class ptrs, g1 gc, linux-amd64)
# Problematic frame:
# C  [libnvwgf2umx.so+0x2741ca6]
#
# No core dump will be written. Core dumps have been disabled. To enable core dumping, try "ulimit -c unlimited" before starting Java again
#
# If you would like to submit a bug report, please visit:
#   https://bugreport.java.com/bugreport/crash.jsp
#

---------------  S U M M A R Y ------------

Command Line: --module-path=/mnt/e/downstair/target/classes:/home/oneal0604/.m2/repository/org/openjfx/javafx-base/20.0.1/javafx-base-20.0.1-linux.jar:/home/oneal0604/.m2/repository/org/openjfx/javafx-controls/20.0.1/javafx-controls-20.0.1-linux.jar:/home/oneal0604/.m2/repository/org/openjfx/javafx-fxml/20.0.1/javafx-fxml-20.0.1-linux.jar:/home/oneal0604/.m2/repository/org/openjfx/javafx-graphics/20.0.1/javafx-graphics-20.0.1-linux.jar --add-modules=game -Djdk.module.main=game game/game.NSShaftGame

Host: Intel(R) Core(TM) i7-8700K CPU @ 3.70GHz, 12 cores, 7G, Ubuntu 22.04.3 LTS
Time: Thu Jun  6 21:25:23 2024 CST elapsed time: 6.351316 seconds (0d 0h 0m 6s)

---------------  T H R E A D  ---------------

Current thread is native thread

Stack: [0x00007faf2881f000,0x00007faf2901f000],  sp=0x00007faf2901dda0,  free space=8187k
Native frames: (J=compiled Java code, j=interpreted, Vv=VM code, C=native code)
C  [libnvwgf2umx.so+0x2741ca6]